=== RSA Protocol Execution Log ===
This file contains the full keys, signatures, and ciphertexts.


=== Server Key Obtained ===
Modulus (n):
    A1A5EB3244CA9E6E685F3796287B2B324E1EE853A09C959DB483B39392AF0D0D680CCFF9B0F3D7247CBFE536FD5C598208F0F550B53CA9D14DC302436D47E6B5
Public Exponent (e):
    10001
========================================

=== Local Key Generation ===
Modulus (n):
    610EB277A5E607F0C3EB5AF33BE4189CB3D52F4CAB9B0C6660950D6995D89417D4BAE0BCA2151C558A78CE3622354B3303296562DC1EC0219A8825380A6C4611
Public Exponent (e):
    10001
Private Exponent (d):
    78B42E7F5E7295AD77FA5B41E459E7C1FA64464EB39C3FEF926DCC20639AD590C372B955A965E588850B3EACDF65A9B6FA92689B7C9A4CDE104652EC4391059
========================================

=== Test 1: Encryption (Local -> Server) ===
Original:
    123456789
Ciphertext (Hex):
    593085034006253E1EE5CC5A9EF1E3D01F231A72B30E4C41A98ED31631E345A6D4EBE7C9D882028D473FC2F41CB5C83059923EF323567730CA04D0108082FCBC
Decrypted (Hex):
    075BCD15
Decrypted (Int):
    123456789
========================================

=== Test 2: Decryption (Server -> Local) ===
Original:
    123456789
Ciphertext (Hex):
    12F5733C95C2ED7CE18DF479FAC11CBCC6B24556B7A223635F633791107EB1BB79008F0BD5B290D3D8ECA7A7AD10FED5B06AAA5CA3161C89FC831E8739868D98
Decrypted (Int):
    123456789
========================================

=== Test 3: Signature (Server -> Local) ===
Message:
    123456789
Signature (Hex):
    9A5893F1006CA543BE083B01093D258C765FDB34727D5B18CDCD4B768D055E7AC1644D1E8F2F9D3E8DF7E25CB7A4143DCB44B7B97B930F87555BC1113BA7E5D1
Valid?:
    True
========================================

=== Test 4: Signature (Local -> Server) ===
Message:
    123456789
Signature (Hex):
    5E577AFB8206E7C29B161C2561C7D6AB45F2F9F5D3858861CE900B064854218188A0F45BA1BDE017B0172FFE6629D87386300D1E9866C6AB90FD0D9D0F1194C3
Server Verified?:
    True
========================================

=== Test 5: SendKey (Local -> Server) ===
Session Key (k):
    123456789012345
Encrypted Key (k1):
    7D7CBE6FEBFDE7EB7E8F45B7631A5B8889CFBABBAB8B900EC1B64433A0E26E742C1E8CF2C1AEC12B42DC9AB9F3C3EF85C2308474757648F625DF9F1E53F422B0
Encrypted Signature (S1):
    1BC53EAFA26E3555B674D0CEAB3495BDEBB4AF58144A6A9583D4B5EE90F6C5A63428CDF923EE479083263C28D154C213502278090B45DB2DC551821BDDEE2AAF
Server Received:
    123456789012345
========================================

=== Test 6: ReceiveKey (Server -> Local) ===
Encrypted Key (k1):
    5885D5FEFC07C30E0ACE3971801B64CC0123E7193CCF393E61CDC85F919105B8228D65E43E6AF617488C59461BFD2FD41A6C1B026365C907D326DC35D98D3447
Encrypted Signature (S1):
    434D82F1D1B674D1B5815D94B0EB370818ABB326DC02BFED4909F26AF9AC6E5EFC57DDFB3ECAF84B67F8459C579408081A6917047C7452718018E1AAC2D990E2
========================================

=== Test 6 Result ===
Decrypted Key:
    1185445418942519815
========================================
